<?xml version="1.0" encoding="UTF-8"?>
<!-- Generated by org.testng.reporters.JUnitReportReporter -->
<testsuite hostname="LAPTOP-5VJ5O17R" failures="0" tests="1" name="com.facebook.TestPackage.TC02_LogOutFunctionality" time="17.187" errors="0" timestamp="2023-02-16T02:41:30 IST" skipped="0">
  <testcase classname="com.facebook.TestPackage.TC02_LogOutFunctionality" name="verifyLogOutFunctionality" time="17.187"/>
  <system-out/>
</testsuite> <!-- com.facebook.TestPackage.TC02_LogOutFunctionality -->
